<?xml version="1.0" encoding="UTF-8"?>
<!-- Generated by org.testng.reporters.JUnitXMLReporter -->
<testsuite ignored="1" hostname="BANGTANSONYONDAN" failures="0" tests="1" name="NegativeUsernameTests" time="10.75" errors="0" timestamp="2022-06-27T11:57:36 ART">
  <testcase classname="com.herokuapp.theinternet.LoginTests" name="negativeLoginTest" time="10.747"/>
  <testcase classname="com.herokuapp.theinternet.LoginTests" name="positiveLoginTest" time="0.0">
    <ignored/>
  </testcase> <!-- positiveLoginTest -->
</testsuite> <!-- NegativeUsernameTests -->
