<?xml version="1.0" encoding="UTF-8"?>
<!-- Generated by org.testng.reporters.JUnitXMLReporter -->
<testsuite ignored="1" hostname="BANGTANSONYONDAN" failures="0" tests="1" name="NegativeTests" time="13.247" errors="0" timestamp="2022-06-26T23:34:39 ART">
  <testcase classname="com.herokuapp.theinternet.NegativeTests" name="incorrectUsername" time="13.217"/>
  <testcase classname="com.herokuapp.theinternet.NegativeTests" name="incorrectPasswordTest" time="0.0">
    <ignored/>
  </testcase> <!-- incorrectPasswordTest -->
</testsuite> <!-- NegativeTests -->
