<?xml version="1.0" encoding="UTF-8"?>
<!-- Generated by org.testng.reporters.JUnitXMLReporter -->
<testsuite ignored="1" hostname="BANGTANSONYONDAN" failures="0" tests="1" name="PositiveTests" time="10.05" errors="0" timestamp="2022-06-27T11:57:25 ART">
  <testcase classname="com.herokuapp.theinternet.LoginTests" name="positiveLoginTest" time="10.022"/>
  <testcase classname="com.herokuapp.theinternet.LoginTests" name="negativeLoginTest" time="0.0">
    <ignored/>
  </testcase> <!-- negativeLoginTest -->
</testsuite> <!-- PositiveTests -->
