<?xml version="1.0" encoding="UTF-8"?>
<!-- Generated by org.testng.reporters.JUnitXMLReporter -->
<testsuite ignored="0" hostname="BANGTANSONYONDAN" failures="0" tests="2" name="NegativeTests" time="22.635" errors="0" timestamp="2022-06-26T22:47:58 ART">
  <testcase classname="com.herokuapp.theinternet.NegativeTests" name="incorrectPasswordTest" time="9.519"/>
  <testcase classname="com.herokuapp.theinternet.NegativeTests" name="incorrectUsername" time="13.112"/>
</testsuite> <!-- NegativeTests -->
