<?xml version="1.0" encoding="UTF-8"?>
<testng-results ignored="0" total="1" passed="1" failed="0" skipped="0">
  <reporter-output>
  </reporter-output>
  <suite started-at="2022-12-15T12:53:24 ART" name="Default suite" finished-at="2022-12-15T12:53:24 ART" duration-ms="84">
    <groups>
    </groups>
    <test started-at="2022-12-15T12:53:24 ART" name="Default test" finished-at="2022-12-15T12:53:24 ART" duration-ms="84">
      <class name="com.herokuapp.theinternet.pruebadb">
        <test-method signature="positiveLoginTest()[pri:0, instance:com.herokuapp.theinternet.pruebadb@294425a7]" started-at="2022-12-15T12:53:24 ART" name="positiveLoginTest" finished-at="2022-12-15T12:53:24 ART" duration-ms="56" status="PASS">
          <reporter-output>
          </reporter-output>
        </test-method> <!-- positiveLoginTest -->
      </class> <!-- com.herokuapp.theinternet.pruebadb -->
    </test> <!-- Default test -->
  </suite> <!-- Default suite -->
</testng-results>
