<?xml version="1.0" encoding="UTF-8"?>
<!-- Generated by org.testng.reporters.JUnitXMLReporter -->
<testsuite ignored="3" hostname="BANGTANSONYONDAN" failures="0" tests="1" name="NotVisibleTest" time="13.545" errors="0" timestamp="2022-06-27T19:46:13 ART">
  <testcase classname="com.herokuapp.theinternet.ExceptionTests" name="StaleElementException" time="8.872"/>
  <testcase classname="com.herokuapp.theinternet.ExceptionTests" name="noSuchElementTest" time="0.0">
    <ignored/>
  </testcase> <!-- noSuchElementTest -->
  <testcase classname="com.herokuapp.theinternet.ExceptionTests" name="timeoutTest" time="0.0">
    <ignored/>
  </testcase> <!-- timeoutTest -->
  <testcase classname="com.herokuapp.theinternet.ExceptionTests" name="notVisibleTest" time="0.0">
    <ignored/>
  </testcase> <!-- notVisibleTest -->
</testsuite> <!-- NotVisibleTest -->
